<?xml version="1.0" encoding="UTF-8"?>
<testsuites>
  <testsuite name="aaa" timestamp="2024-07-11T19:12:32Z" hostname="e988d03add3a" tests="159" skipped="0" failures="0" errors="0" time="14.595">
    <testcase time="0.0169999999999999" classname="aaa" name="Test_suite_aaa.R"/>
    <testcase time="0.0289999999999999" classname="aaa" name="Test_suite_aaa.R"/>
    <testcase time="0.0210000000000001" classname="aaa" name="Test_suite_aaa.R"/>
    <testcase time="0.00499999999999989" classname="aaa" name="Test_suite_aaa.R"/>
    <testcase time="0.00500000000000012" classname="aaa" name="Test_suite_aaa.R"/>
    <testcase time="0.004" classname="aaa" name="Test_suite_aaa.R"/>
    <testcase time="0.00499999999999989" classname="aaa" name="Test_suite_aaa.R"/>
    <testcase time="0.004" classname="aaa" name="Test_suite_aaa.R"/>
    <testcase time="0.00500000000000012" classname="aaa" name="Test_suite_aaa.R"/>
    <testcase time="0.00499999999999989" classname="aaa" name="Test_suite_aaa.R"/>
    <testcase time="0.004" classname="aaa" name="Test_suite_aaa.R"/>
    <testcase time="0.00500000000000012" classname="aaa" name="Test_suite_aaa.R"/>
    <testcase time="0.00499999999999989" classname="aaa" name="Test_suite_aaa.R"/>
    <testcase time="0.177" classname="aaa" name="Test_suite_aaa.R"/>
    <testcase time="0.214" classname="aaa" name="Test_suite_aaa.R"/>
    <testcase time="0.095" classname="aaa" name="Test_suite_aaa.R"/>
    <testcase time="0.182" classname="aaa" name="Test_suite_aaa.R"/>
    <testcase time="0.077" classname="aaa" name="Test_suite_aaa.R"/>
    <testcase time="0.188" classname="aaa" name="Test_suite_aaa.R"/>
    <testcase time="0.187" classname="aaa" name="Test_suite_aaa.R"/>
    <testcase time="0.261" classname="aaa" name="Test_suite_aaa.R"/>
    <testcase time="0.125" classname="aaa" name="Test_suite_aaa.R"/>
    <testcase time="0.0509999999999997" classname="aaa" name="Test_suite_aaa.R"/>
    <testcase time="0.224" classname="aaa" name="Test_suite_aaa.R"/>
    <testcase time="0.00499999999999989" classname="aaa" name="Test_suite_aaa.R"/>
    <testcase time="0.0870000000000002" classname="aaa" name="Test_suite_aaa.R"/>
    <testcase time="0.229" classname="aaa" name="Test_suite_aaa.R"/>
    <testcase time="0.00499999999999989" classname="aaa" name="Test_suite_aaa.R"/>
    <testcase time="0.0190000000000001" classname="aaa" name="Test_suite_aaa.R"/>
    <testcase time="0.0149999999999997" classname="aaa" name="Test_suite_aaa.R"/>
    <testcase time="0.0140000000000002" classname="aaa" name="Test_suite_aaa.R"/>
    <testcase time="0.0430000000000001" classname="aaa" name="Test_suite_aaa.R"/>
    <testcase time="0.0879999999999996" classname="aaa" name="Test_suite_aaa.R"/>
    <testcase time="0.0830000000000002" classname="aaa" name="Test_suite_aaa.R"/>
    <testcase time="0.258" classname="aaa" name="Test_suite_aaa.R"/>
    <testcase time="0.0900000000000007" classname="aaa" name="Test_suite_aaa.R"/>
    <testcase time="0.0989999999999993" classname="aaa" name="Test_suite_aaa.R"/>
    <testcase time="0.111000000000001" classname="aaa" name="Test_suite_aaa.R"/>
    <testcase time="0.109" classname="aaa" name="Test_suite_aaa.R"/>
    <testcase time="0.111" classname="aaa" name="Test_suite_aaa.R"/>
    <testcase time="0.11" classname="aaa" name="Test_suite_aaa.R"/>
    <testcase time="0.125999999999999" classname="aaa" name="Test_suite_aaa.R"/>
    <testcase time="0.016" classname="aaa" name="Test_suite_aaa.R"/>
    <testcase time="0.0739999999999998" classname="aaa" name="Test_suite_aaa.R"/>
    <testcase time="0.126" classname="aaa" name="Test_suite_aaa.R"/>
    <testcase time="0.121" classname="aaa" name="Test_suite_aaa.R"/>
    <testcase time="0.127" classname="aaa" name="Test_suite_aaa.R"/>
    <testcase time="0.00499999999999989" classname="aaa" name="Test_suite_aaa.R"/>
    <testcase time="0.0489999999999995" classname="aaa" name="Test_suite_aaa.R"/>
    <testcase time="0.258" classname="aaa" name="Test_suite_aaa.R"/>
    <testcase time="0.294" classname="aaa" name="Test_suite_aaa.R"/>
    <testcase time="0.219" classname="aaa" name="Test_suite_aaa.R"/>
    <testcase time="0.289" classname="aaa" name="Test_suite_aaa.R"/>
    <testcase time="0.293" classname="aaa" name="Test_suite_aaa.R"/>
    <testcase time="0.186" classname="aaa" name="Test_suite_aaa.R"/>
    <testcase time="0.195" classname="aaa" name="Test_suite_aaa.R"/>
    <testcase time="0.2" classname="aaa" name="Test_suite_aaa.R"/>
    <testcase time="0.363" classname="aaa" name="Test_suite_aaa.R"/>
    <testcase time="0.433" classname="aaa" name="Test_suite_aaa.R"/>
    <testcase time="0.583" classname="aaa" name="Test_suite_aaa.R"/>
    <testcase time="0.227" classname="aaa" name="Test_suite_aaa.R"/>
    <testcase time="0.0609999999999999" classname="aaa" name="Test_suite_aaa.R"/>
    <testcase time="0.00500000000000078" classname="aaa" name="Test_suite_aaa.R"/>
    <testcase time="0.00499999999999901" classname="aaa" name="Test_suite_aaa.R"/>
    <testcase time="0.00500000000000078" classname="aaa" name="Test_suite_aaa.R"/>
    <testcase time="0.00399999999999956" classname="aaa" name="Test_suite_aaa.R"/>
    <testcase time="0.00500000000000078" classname="aaa" name="Test_suite_aaa.R"/>
    <testcase time="0.00499999999999901" classname="aaa" name="Test_suite_aaa.R"/>
    <testcase time="0.00399999999999956" classname="aaa" name="Test_suite_aaa.R"/>
    <testcase time="0.00500000000000078" classname="aaa" name="Test_suite_aaa.R"/>
    <testcase time="0.00399999999999956" classname="aaa" name="Test_suite_aaa.R"/>
    <testcase time="0.00500000000000078" classname="aaa" name="Test_suite_aaa.R"/>
    <testcase time="0.00499999999999901" classname="aaa" name="Test_suite_aaa.R"/>
    <testcase time="0.00400000000000134" classname="aaa" name="Test_suite_aaa.R"/>
    <testcase time="0.0759999999999987" classname="aaa" name="Test_suite_aaa.R"/>
    <testcase time="0.0750000000000011" classname="aaa" name="Test_suite_aaa.R"/>
    <testcase time="0.0789999999999988" classname="aaa" name="Test_suite_aaa.R"/>
    <testcase time="0.15" classname="aaa" name="Test_suite_aaa.R"/>
    <testcase time="0.0800000000000001" classname="aaa" name="Test_suite_aaa.R"/>
    <testcase time="0.184000000000001" classname="aaa" name="Test_suite_aaa.R"/>
    <testcase time="0.186999999999999" classname="aaa" name="Test_suite_aaa.R"/>
    <testcase time="0.262" classname="aaa" name="Test_suite_aaa.R"/>
    <testcase time="0.129999999999999" classname="aaa" name="Test_suite_aaa.R"/>
    <testcase time="0.0519999999999996" classname="aaa" name="Test_suite_aaa.R"/>
    <testcase time="0.227" classname="aaa" name="Test_suite_aaa.R"/>
    <testcase time="0.00500000000000078" classname="aaa" name="Test_suite_aaa.R"/>
    <testcase time="0.077" classname="aaa" name="Test_suite_aaa.R"/>
    <testcase time="0.244" classname="aaa" name="Test_suite_aaa.R"/>
    <testcase time="0.00600000000000023" classname="aaa" name="Test_suite_aaa.R"/>
    <testcase time="0.016" classname="aaa" name="Test_suite_aaa.R"/>
    <testcase time="0.0149999999999988" classname="aaa" name="Test_suite_aaa.R"/>
    <testcase time="0.0200000000000014" classname="aaa" name="Test_suite_aaa.R"/>
    <testcase time="0.0449999999999999" classname="aaa" name="Test_suite_aaa.R"/>
    <testcase time="0.0869999999999997" classname="aaa" name="Test_suite_aaa.R"/>
    <testcase time="0.0809999999999995" classname="aaa" name="Test_suite_aaa.R"/>
    <testcase time="0.258000000000001" classname="aaa" name="Test_suite_aaa.R"/>
    <testcase time="0.0939999999999994" classname="aaa" name="Test_suite_aaa.R"/>
    <testcase time="0.0980000000000008" classname="aaa" name="Test_suite_aaa.R"/>
    <testcase time="0.110999999999999" classname="aaa" name="Test_suite_aaa.R"/>
    <testcase time="0.108000000000001" classname="aaa" name="Test_suite_aaa.R"/>
    <testcase time="0.116" classname="aaa" name="Test_suite_aaa.R"/>
    <testcase time="0.111000000000001" classname="aaa" name="Test_suite_aaa.R"/>
    <testcase time="0.125" classname="aaa" name="Test_suite_aaa.R"/>
    <testcase time="0.0149999999999988" classname="aaa" name="Test_suite_aaa.R"/>
    <testcase time="0.0749999999999993" classname="aaa" name="Test_suite_aaa.R"/>
    <testcase time="0.125" classname="aaa" name="Test_suite_aaa.R"/>
    <testcase time="0.123000000000001" classname="aaa" name="Test_suite_aaa.R"/>
    <testcase time="0.132999999999999" classname="aaa" name="Test_suite_aaa.R"/>
    <testcase time="0.00500000000000078" classname="aaa" name="Test_suite_aaa.R"/>
    <testcase time="0.00699999999999967" classname="aaa" name="Test_suite_aaa.R"/>
    <testcase time="0.00600000000000023" classname="aaa" name="Test_suite_aaa.R"/>
    <testcase time="0.00499999999999901" classname="aaa" name="Test_suite_aaa.R"/>
    <testcase time="0.00399999999999956" classname="aaa" name="Test_suite_aaa.R"/>
    <testcase time="0.00500000000000078" classname="aaa" name="Test_suite_aaa.R"/>
    <testcase time="0.00500000000000078" classname="aaa" name="Test_suite_aaa.R"/>
    <testcase time="0.00399999999999956" classname="aaa" name="Test_suite_aaa.R"/>
    <testcase time="0.00499999999999901" classname="aaa" name="Test_suite_aaa.R"/>
    <testcase time="0.00400000000000134" classname="aaa" name="Test_suite_aaa.R"/>
    <testcase time="0.00499999999999901" classname="aaa" name="Test_suite_aaa.R"/>
    <testcase time="0.00500000000000078" classname="aaa" name="Test_suite_aaa.R"/>
    <testcase time="0.00499999999999901" classname="aaa" name="Test_suite_aaa.R"/>
    <testcase time="0.00400000000000134" classname="aaa" name="Test_suite_aaa.R"/>
    <testcase time="0.00499999999999901" classname="aaa" name="Test_suite_aaa.R"/>
    <testcase time="0.0709999999999997" classname="aaa" name="Test_suite_aaa.R"/>
    <testcase time="0.0750000000000011" classname="aaa" name="Test_suite_aaa.R"/>
    <testcase time="0.0700000000000003" classname="aaa" name="Test_suite_aaa.R"/>
    <testcase time="0.141999999999999" classname="aaa" name="Test_suite_aaa.R"/>
    <testcase time="0.0700000000000003" classname="aaa" name="Test_suite_aaa.R"/>
    <testcase time="0.175000000000001" classname="aaa" name="Test_suite_aaa.R"/>
    <testcase time="0.17" classname="aaa" name="Test_suite_aaa.R"/>
    <testcase time="0.264999999999999" classname="aaa" name="Test_suite_aaa.R"/>
    <testcase time="0.117000000000001" classname="aaa" name="Test_suite_aaa.R"/>
    <testcase time="0.0489999999999995" classname="aaa" name="Test_suite_aaa.R"/>
    <testcase time="0.209" classname="aaa" name="Test_suite_aaa.R"/>
    <testcase time="0.00600000000000023" classname="aaa" name="Test_suite_aaa.R"/>
    <testcase time="0.0750000000000011" classname="aaa" name="Test_suite_aaa.R"/>
    <testcase time="0.203999999999999" classname="aaa" name="Test_suite_aaa.R"/>
    <testcase time="0.00500000000000078" classname="aaa" name="Test_suite_aaa.R"/>
    <testcase time="0.0190000000000001" classname="aaa" name="Test_suite_aaa.R"/>
    <testcase time="0.0149999999999988" classname="aaa" name="Test_suite_aaa.R"/>
    <testcase time="0.0140000000000011" classname="aaa" name="Test_suite_aaa.R"/>
    <testcase time="0.0139999999999993" classname="aaa" name="Test_suite_aaa.R"/>
    <testcase time="0.0839999999999996" classname="aaa" name="Test_suite_aaa.R"/>
    <testcase time="0.0760000000000005" classname="aaa" name="Test_suite_aaa.R"/>
    <testcase time="0.244999999999999" classname="aaa" name="Test_suite_aaa.R"/>
    <testcase time="0.0890000000000004" classname="aaa" name="Test_suite_aaa.R"/>
    <testcase time="0.0940000000000012" classname="aaa" name="Test_suite_aaa.R"/>
    <testcase time="0.104999999999999" classname="aaa" name="Test_suite_aaa.R"/>
    <testcase time="0.105" classname="aaa" name="Test_suite_aaa.R"/>
    <testcase time="0.109" classname="aaa" name="Test_suite_aaa.R"/>
    <testcase time="0.105" classname="aaa" name="Test_suite_aaa.R"/>
    <testcase time="0.122" classname="aaa" name="Test_suite_aaa.R"/>
    <testcase time="0.0150000000000006" classname="aaa" name="Test_suite_aaa.R"/>
    <testcase time="0.0699999999999985" classname="aaa" name="Test_suite_aaa.R"/>
    <testcase time="0.0910000000000011" classname="aaa" name="Test_suite_aaa.R"/>
    <testcase time="0.0849999999999991" classname="aaa" name="Test_suite_aaa.R"/>
    <testcase time="0.0860000000000003" classname="aaa" name="Test_suite_aaa.R"/>
    <testcase time="0.00500000000000078" classname="aaa" name="Test_suite_aaa.R"/>
    <testcase time="0.00799999999999912" classname="aaa" name="Test_suite_aaa.R"/>
  </testsuite>
  <testsuite name="aab" timestamp="2024-07-11T19:12:47Z" hostname="e988d03add3a" tests="7" skipped="0" failures="0" errors="0" time="1.428">
    <testcase time="0.233000000000001" classname="aab" name="Test_suite_aab.R"/>
    <testcase time="0.219999999999999" classname="aab" name="Test_suite_aab.R"/>
    <testcase time="0.222000000000001" classname="aab" name="Test_suite_aab.R"/>
    <testcase time="0.234999999999999" classname="aab" name="Test_suite_aab.R"/>
    <testcase time="0.222000000000001" classname="aab" name="Test_suite_aab.R"/>
    <testcase time="0.221" classname="aab" name="Test_suite_aab.R"/>
    <testcase time="0.0749999999999993" classname="aab" name="Test_suite_aab.R"/>
  </testsuite>
  <testsuite name="aac" timestamp="2024-07-11T19:12:48Z" hostname="e988d03add3a" tests="17" skipped="0" failures="0" errors="0" time="5.722">
    <testcase time="0.428999999999998" classname="aac" name="Test_suite_aac.R"/>
    <testcase time="0.525000000000002" classname="aac" name="Test_suite_aac.R"/>
    <testcase time="0.411999999999999" classname="aac" name="Test_suite_aac.R"/>
    <testcase time="0.521999999999998" classname="aac" name="Test_suite_aac.R"/>
    <testcase time="0.403000000000002" classname="aac" name="Test_suite_aac.R"/>
    <testcase time="0.401" classname="aac" name="Test_suite_aac.R"/>
    <testcase time="0.387" classname="aac" name="Test_suite_aac.R"/>
    <testcase time="0.509999999999998" classname="aac" name="Test_suite_aac.R"/>
    <testcase time="0.508000000000003" classname="aac" name="Test_suite_aac.R"/>
    <testcase time="0.492999999999999" classname="aac" name="Test_suite_aac.R"/>
    <testcase time="0.152000000000001" classname="aac" name="Test_suite_aac.R"/>
    <testcase time="0.155999999999999" classname="aac" name="Test_suite_aac.R"/>
    <testcase time="0.225999999999999" classname="aac" name="Test_suite_aac.R"/>
    <testcase time="0.226000000000003" classname="aac" name="Test_suite_aac.R"/>
    <testcase time="0.108999999999998" classname="aac" name="Test_suite_aac.R"/>
    <testcase time="0.114000000000001" classname="aac" name="Test_suite_aac.R"/>
    <testcase time="0.149000000000001" classname="aac" name="Test_suite_aac.R"/>
  </testsuite>
  <testsuite name="aad" timestamp="2024-07-11T19:12:54Z" hostname="e988d03add3a" tests="22" skipped="0" failures="0" errors="0" time="2.068">
    <testcase time="0.120999999999999" classname="aad" name="Test_suite_aad.R"/>
    <testcase time="0.108999999999998" classname="aad" name="Test_suite_aad.R"/>
    <testcase time="0.159000000000002" classname="aad" name="Test_suite_aad.R"/>
    <testcase time="0.117999999999999" classname="aad" name="Test_suite_aad.R"/>
    <testcase time="0.0730000000000004" classname="aad" name="Test_suite_aad.R"/>
    <testcase time="0.108000000000001" classname="aad" name="Test_suite_aad.R"/>
    <testcase time="0.111000000000001" classname="aad" name="Test_suite_aad.R"/>
    <testcase time="0.108000000000001" classname="aad" name="Test_suite_aad.R"/>
    <testcase time="0.110999999999997" classname="aad" name="Test_suite_aad.R"/>
    <testcase time="0.110000000000003" classname="aad" name="Test_suite_aad.R"/>
    <testcase time="0.116999999999997" classname="aad" name="Test_suite_aad.R"/>
    <testcase time="0.113" classname="aad" name="Test_suite_aad.R"/>
    <testcase time="0.118000000000002" classname="aad" name="Test_suite_aad.R"/>
    <testcase time="0.113" classname="aad" name="Test_suite_aad.R"/>
    <testcase time="0.00799999999999912" classname="aad" name="Test_suite_aad.R"/>
    <testcase time="0.116" classname="aad" name="Test_suite_aad.R"/>
    <testcase time="0.109999999999999" classname="aad" name="Test_suite_aad.R"/>
    <testcase time="0.118000000000002" classname="aad" name="Test_suite_aad.R"/>
    <testcase time="0.109999999999999" classname="aad" name="Test_suite_aad.R"/>
    <testcase time="0.00600000000000023" classname="aad" name="Test_suite_aad.R"/>
    <testcase time="0.00600000000000023" classname="aad" name="Test_suite_aad.R"/>
    <testcase time="0.00499999999999901" classname="aad" name="Test_suite_aad.R"/>
  </testsuite>
  <testsuite name="aae" timestamp="2024-07-11T19:12:56Z" hostname="e988d03add3a" tests="5" skipped="0" failures="0" errors="0" time="0.027">
    <testcase time="0.00999999999999801" classname="aae" name="Test_suite_aae.R"/>
    <testcase time="0.00400000000000134" classname="aae" name="Test_suite_aae.R"/>
    <testcase time="0.00400000000000134" classname="aae" name="Test_suite_aae.R"/>
    <testcase time="0.00499999999999901" classname="aae" name="Test_suite_aae.R"/>
    <testcase time="0.00400000000000134" classname="aae" name="Test_suite_aae.R"/>
  </testsuite>
</testsuites>
